<?xml version="1.0" encoding="UTF-8"?>
<!-- Generated by org.testng.reporters.JUnitReportReporter -->
<testsuite hostname="DESKTOP-C56VD1H" failures="0" tests="2" name="com.sqa.psikotes.framework.runner.TestRunner" time="43.846" errors="0" timestamp="2022-10-03T08:53:34 WIB" skipped="0">
  <testcase classname="com.sqa.psikotes.framework.runner.TestRunner" name="runScenario" time="13.805"/>
  <system-out/>
  <testcase classname="com.sqa.psikotes.framework.runner.TestRunner" name="runScenario" time="30.041"/>
  <system-out/>
</testsuite> <!-- com.sqa.psikotes.framework.runner.TestRunner -->
