<?xml version="1.0" encoding="UTF-8"?>
<!-- Generated by org.testng.reporters.JUnitReportReporter -->
<testsuite hostname="DESKTOP-C56VD1H" failures="0" tests="139" name="com.sqa.psikotes.framework.runner.TestRunner" time="1408.914" errors="0" timestamp="2022-10-06T11:23:36 WIB" skipped="0">
  <testcase classname="com.sqa.psikotes.framework.runner.TestRunner" name="runScenario" time="12.880"/>
  <system-out/>
  <testcase classname="com.sqa.psikotes.framework.runner.TestRunner" name="runScenario" time="3.193"/>
  <system-out/>
  <testcase classname="com.sqa.psikotes.framework.runner.TestRunner" name="runScenario" time="10.727"/>
  <system-out/>
  <testcase classname="com.sqa.psikotes.framework.runner.TestRunner" name="runScenario" time="3.186"/>
  <system-out/>
  <testcase classname="com.sqa.psikotes.framework.runner.TestRunner" name="runScenario" time="12.714"/>
  <system-out/>
  <testcase classname="com.sqa.psikotes.framework.runner.TestRunner" name="runScenario" time="3.224"/>
  <system-out/>
  <testcase classname="com.sqa.psikotes.framework.runner.TestRunner" name="runScenario" time="3.228"/>
  <system-out/>
  <testcase classname="com.sqa.psikotes.framework.runner.TestRunner" name="runScenario" time="18.256"/>
  <system-out/>
  <testcase classname="com.sqa.psikotes.framework.runner.TestRunner" name="runScenario" time="13.085"/>
  <system-out/>
  <testcase classname="com.sqa.psikotes.framework.runner.TestRunner" name="runScenario" time="3.221"/>
  <system-out/>
  <testcase classname="com.sqa.psikotes.framework.runner.TestRunner" name="runScenario" time="8.789"/>
  <system-out/>
  <testcase classname="com.sqa.psikotes.framework.runner.TestRunner" name="runScenario" time="18.161"/>
  <system-out/>
  <testcase classname="com.sqa.psikotes.framework.runner.TestRunner" name="runScenario" time="15.595"/>
  <system-out/>
  <testcase classname="com.sqa.psikotes.framework.runner.TestRunner" name="runScenario" time="12.911"/>
  <system-out/>
  <testcase classname="com.sqa.psikotes.framework.runner.TestRunner" name="runScenario" time="10.854"/>
  <system-out/>
  <testcase classname="com.sqa.psikotes.framework.runner.TestRunner" name="runScenario" time="19.897"/>
  <system-out/>
  <testcase classname="com.sqa.psikotes.framework.runner.TestRunner" name="runScenario" time="3.197"/>
  <system-out/>
  <testcase classname="com.sqa.psikotes.framework.runner.TestRunner" name="runScenario" time="18.236"/>
  <system-out/>
  <testcase classname="com.sqa.psikotes.framework.runner.TestRunner" name="runScenario" time="18.831"/>
  <system-out/>
  <testcase classname="com.sqa.psikotes.framework.runner.TestRunner" name="runScenario" time="8.737"/>
  <system-out/>
  <testcase classname="com.sqa.psikotes.framework.runner.TestRunner" name="runScenario" time="10.875"/>
  <system-out/>
  <testcase classname="com.sqa.psikotes.framework.runner.TestRunner" name="runScenario" time="3.208"/>
  <system-out/>
  <testcase classname="com.sqa.psikotes.framework.runner.TestRunner" name="runScenario" time="8.733"/>
  <system-out/>
  <testcase classname="com.sqa.psikotes.framework.runner.TestRunner" name="runScenario" time="18.276"/>
  <system-out/>
  <testcase classname="com.sqa.psikotes.framework.runner.TestRunner" name="runScenario" time="19.293"/>
  <system-out/>
  <testcase classname="com.sqa.psikotes.framework.runner.TestRunner" name="runScenario" time="3.218"/>
  <system-out/>
  <testcase classname="com.sqa.psikotes.framework.runner.TestRunner" name="runScenario" time="9.698"/>
  <system-out/>
  <testcase classname="com.sqa.psikotes.framework.runner.TestRunner" name="runScenario" time="3.219"/>
  <system-out/>
  <testcase classname="com.sqa.psikotes.framework.runner.TestRunner" name="runScenario" time="19.280"/>
  <system-out/>
  <testcase classname="com.sqa.psikotes.framework.runner.TestRunner" name="runScenario" time="14.641"/>
  <system-out/>
  <testcase classname="com.sqa.psikotes.framework.runner.TestRunner" name="runScenario" time="10.813"/>
  <system-out/>
  <testcase classname="com.sqa.psikotes.framework.runner.TestRunner" name="runScenario" time="29.875"/>
  <system-out/>
  <testcase classname="com.sqa.psikotes.framework.runner.TestRunner" name="runScenario" time="3.194"/>
  <system-out/>
  <testcase classname="com.sqa.psikotes.framework.runner.TestRunner" name="runScenario" time="9.856"/>
  <system-out/>
  <testcase classname="com.sqa.psikotes.framework.runner.TestRunner" name="runScenario" time="18.160"/>
  <system-out/>
  <testcase classname="com.sqa.psikotes.framework.runner.TestRunner" name="runScenario" time="10.815"/>
  <system-out/>
  <testcase classname="com.sqa.psikotes.framework.runner.TestRunner" name="runScenario" time="8.727"/>
  <system-out/>
  <testcase classname="com.sqa.psikotes.framework.runner.TestRunner" name="runScenario" time="3.222"/>
  <system-out/>
  <testcase classname="com.sqa.psikotes.framework.runner.TestRunner" name="runScenario" time="12.948"/>
  <system-out/>
  <testcase classname="com.sqa.psikotes.framework.runner.TestRunner" name="runScenario" time="3.238"/>
  <system-out/>
  <testcase classname="com.sqa.psikotes.framework.runner.TestRunner" name="runScenario" time="8.755"/>
  <system-out/>
  <testcase classname="com.sqa.psikotes.framework.runner.TestRunner" name="runScenario" time="11.088"/>
  <system-out/>
  <testcase classname="com.sqa.psikotes.framework.runner.TestRunner" name="runScenario" time="9.766"/>
  <system-out/>
  <testcase classname="com.sqa.psikotes.framework.runner.TestRunner" name="runScenario" time="18.437"/>
  <system-out/>
  <testcase classname="com.sqa.psikotes.framework.runner.TestRunner" name="runScenario" time="3.216"/>
  <system-out/>
  <testcase classname="com.sqa.psikotes.framework.runner.TestRunner" name="runScenario" time="3.219"/>
  <system-out/>
  <testcase classname="com.sqa.psikotes.framework.runner.TestRunner" name="runScenario" time="19.279"/>
  <system-out/>
  <testcase classname="com.sqa.psikotes.framework.runner.TestRunner" name="runScenario" time="10.825"/>
  <system-out/>
  <testcase classname="com.sqa.psikotes.framework.runner.TestRunner" name="runScenario" time="13.912"/>
  <system-out/>
  <testcase classname="com.sqa.psikotes.framework.runner.TestRunner" name="runScenario" time="9.489"/>
  <system-out/>
  <testcase classname="com.sqa.psikotes.framework.runner.TestRunner" name="runScenario" time="6.590"/>
  <system-out/>
  <testcase classname="com.sqa.psikotes.framework.runner.TestRunner" name="runScenario" time="3.192"/>
  <system-out/>
  <testcase classname="com.sqa.psikotes.framework.runner.TestRunner" name="runScenario" time="8.671"/>
  <system-out/>
  <testcase classname="com.sqa.psikotes.framework.runner.TestRunner" name="runScenario" time="10.863"/>
  <system-out/>
  <testcase classname="com.sqa.psikotes.framework.runner.TestRunner" name="runScenario" time="3.216"/>
  <system-out/>
  <testcase classname="com.sqa.psikotes.framework.runner.TestRunner" name="runScenario" time="12.903"/>
  <system-out/>
  <testcase classname="com.sqa.psikotes.framework.runner.TestRunner" name="runScenario" time="13.437"/>
  <system-out/>
  <testcase classname="com.sqa.psikotes.framework.runner.TestRunner" name="runScenario" time="8.699"/>
  <system-out/>
  <testcase classname="com.sqa.psikotes.framework.runner.TestRunner" name="runScenario" time="3.208"/>
  <system-out/>
  <testcase classname="com.sqa.psikotes.framework.runner.TestRunner" name="runScenario" time="8.746"/>
  <system-out/>
  <testcase classname="com.sqa.psikotes.framework.runner.TestRunner" name="runScenario" time="3.204"/>
  <system-out/>
  <testcase classname="com.sqa.psikotes.framework.runner.TestRunner" name="runScenario" time="3.225"/>
  <system-out/>
  <testcase classname="com.sqa.psikotes.framework.runner.TestRunner" name="runScenario" time="3.199"/>
  <system-out/>
  <testcase classname="com.sqa.psikotes.framework.runner.TestRunner" name="runScenario" time="11.985"/>
  <system-out/>
  <testcase classname="com.sqa.psikotes.framework.runner.TestRunner" name="runScenario" time="3.220"/>
  <system-out/>
  <testcase classname="com.sqa.psikotes.framework.runner.TestRunner" name="runScenario" time="14.943"/>
  <system-out/>
  <testcase classname="com.sqa.psikotes.framework.runner.TestRunner" name="runScenario" time="10.876"/>
  <system-out/>
  <testcase classname="com.sqa.psikotes.framework.runner.TestRunner" name="runScenario" time="10.820"/>
  <system-out/>
  <testcase classname="com.sqa.psikotes.framework.runner.TestRunner" name="runScenario" time="16.046"/>
  <system-out/>
  <testcase classname="com.sqa.psikotes.framework.runner.TestRunner" name="runScenario" time="8.705"/>
  <system-out/>
  <testcase classname="com.sqa.psikotes.framework.runner.TestRunner" name="runScenario" time="8.749"/>
  <system-out/>
  <testcase classname="com.sqa.psikotes.framework.runner.TestRunner" name="runScenario" time="16.245"/>
  <system-out/>
  <testcase classname="com.sqa.psikotes.framework.runner.TestRunner" name="runScenario" time="10.826"/>
  <system-out/>
  <testcase classname="com.sqa.psikotes.framework.runner.TestRunner" name="runScenario" time="5.370"/>
  <system-out/>
  <testcase classname="com.sqa.psikotes.framework.runner.TestRunner" name="runScenario" time="18.141"/>
  <system-out/>
  <testcase classname="com.sqa.psikotes.framework.runner.TestRunner" name="runScenario" time="11.103"/>
  <system-out/>
  <testcase classname="com.sqa.psikotes.framework.runner.TestRunner" name="runScenario" time="10.872"/>
  <system-out/>
  <testcase classname="com.sqa.psikotes.framework.runner.TestRunner" name="runScenario" time="6.640"/>
  <system-out/>
  <testcase classname="com.sqa.psikotes.framework.runner.TestRunner" name="runScenario" time="3.210"/>
  <system-out/>
  <testcase classname="com.sqa.psikotes.framework.runner.TestRunner" name="runScenario" time="10.961"/>
  <system-out/>
  <testcase classname="com.sqa.psikotes.framework.runner.TestRunner" name="runScenario" time="10.895"/>
  <system-out/>
  <testcase classname="com.sqa.psikotes.framework.runner.TestRunner" name="runScenario" time="35.051"/>
  <system-out/>
  <testcase classname="com.sqa.psikotes.framework.runner.TestRunner" name="runScenario" time="3.224"/>
  <system-out/>
  <testcase classname="com.sqa.psikotes.framework.runner.TestRunner" name="runScenario" time="15.037"/>
  <system-out/>
  <testcase classname="com.sqa.psikotes.framework.runner.TestRunner" name="runScenario" time="3.198"/>
  <system-out/>
  <testcase classname="com.sqa.psikotes.framework.runner.TestRunner" name="runScenario" time="8.769"/>
  <system-out/>
  <testcase classname="com.sqa.psikotes.framework.runner.TestRunner" name="runScenario" time="5.345"/>
  <system-out/>
  <testcase classname="com.sqa.psikotes.framework.runner.TestRunner" name="runScenario" time="14.926"/>
  <system-out/>
  <testcase classname="com.sqa.psikotes.framework.runner.TestRunner" name="runScenario" time="8.711"/>
  <system-out/>
  <testcase classname="com.sqa.psikotes.framework.runner.TestRunner" name="runScenario" time="3.224"/>
  <system-out/>
  <testcase classname="com.sqa.psikotes.framework.runner.TestRunner" name="runScenario" time="17.098"/>
  <system-out/>
  <testcase classname="com.sqa.psikotes.framework.runner.TestRunner" name="runScenario" time="3.219"/>
  <system-out/>
  <testcase classname="com.sqa.psikotes.framework.runner.TestRunner" name="runScenario" time="12.921"/>
  <system-out/>
  <testcase classname="com.sqa.psikotes.framework.runner.TestRunner" name="runScenario" time="12.868"/>
  <system-out/>
  <testcase classname="com.sqa.psikotes.framework.runner.TestRunner" name="runScenario" time="3.225"/>
  <system-out/>
  <testcase classname="com.sqa.psikotes.framework.runner.TestRunner" name="runScenario" time="10.890"/>
  <system-out/>
  <testcase classname="com.sqa.psikotes.framework.runner.TestRunner" name="runScenario" time="16.082"/>
  <system-out/>
  <testcase classname="com.sqa.psikotes.framework.runner.TestRunner" name="runScenario" time="14.906"/>
  <system-out/>
  <testcase classname="com.sqa.psikotes.framework.runner.TestRunner" name="runScenario" time="3.218"/>
  <system-out/>
  <testcase classname="com.sqa.psikotes.framework.runner.TestRunner" name="runScenario" time="18.400"/>
  <system-out/>
  <testcase classname="com.sqa.psikotes.framework.runner.TestRunner" name="runScenario" time="8.775"/>
  <system-out/>
  <testcase classname="com.sqa.psikotes.framework.runner.TestRunner" name="runScenario" time="3.211"/>
  <system-out/>
  <testcase classname="com.sqa.psikotes.framework.runner.TestRunner" name="runScenario" time="5.402"/>
  <system-out/>
  <testcase classname="com.sqa.psikotes.framework.runner.TestRunner" name="runScenario" time="19.278"/>
  <system-out/>
  <testcase classname="com.sqa.psikotes.framework.runner.TestRunner" name="runScenario" time="12.919"/>
  <system-out/>
  <testcase classname="com.sqa.psikotes.framework.runner.TestRunner" name="runScenario" time="3.214"/>
  <system-out/>
  <testcase classname="com.sqa.psikotes.framework.runner.TestRunner" name="runScenario" time="12.956"/>
  <system-out/>
  <testcase classname="com.sqa.psikotes.framework.runner.TestRunner" name="runScenario" time="5.355"/>
  <system-out/>
  <testcase classname="com.sqa.psikotes.framework.runner.TestRunner" name="runScenario" time="10.866"/>
  <system-out/>
  <testcase classname="com.sqa.psikotes.framework.runner.TestRunner" name="runScenario" time="3.214"/>
  <system-out/>
  <testcase classname="com.sqa.psikotes.framework.runner.TestRunner" name="runScenario" time="7.686"/>
  <system-out/>
  <testcase classname="com.sqa.psikotes.framework.runner.TestRunner" name="runScenario" time="5.383"/>
  <system-out/>
  <testcase classname="com.sqa.psikotes.framework.runner.TestRunner" name="runScenario" time="12.896"/>
  <system-out/>
  <testcase classname="com.sqa.psikotes.framework.runner.TestRunner" name="runScenario" time="3.230"/>
  <system-out/>
  <testcase classname="com.sqa.psikotes.framework.runner.TestRunner" name="runScenario" time="10.777"/>
  <system-out/>
  <testcase classname="com.sqa.psikotes.framework.runner.TestRunner" name="runScenario" time="8.768"/>
  <system-out/>
  <testcase classname="com.sqa.psikotes.framework.runner.TestRunner" name="runScenario" time="8.775"/>
  <system-out/>
  <testcase classname="com.sqa.psikotes.framework.runner.TestRunner" name="runScenario" time="5.418"/>
  <system-out/>
  <testcase classname="com.sqa.psikotes.framework.runner.TestRunner" name="runScenario" time="3.206"/>
  <system-out/>
  <testcase classname="com.sqa.psikotes.framework.runner.TestRunner" name="runScenario" time="8.910"/>
  <system-out/>
  <testcase classname="com.sqa.psikotes.framework.runner.TestRunner" name="runScenario" time="3.202"/>
  <system-out/>
  <testcase classname="com.sqa.psikotes.framework.runner.TestRunner" name="runScenario" time="3.216"/>
  <system-out/>
  <testcase classname="com.sqa.psikotes.framework.runner.TestRunner" name="runScenario" time="5.406"/>
  <system-out/>
  <testcase classname="com.sqa.psikotes.framework.runner.TestRunner" name="runScenario" time="10.935"/>
  <system-out/>
  <testcase classname="com.sqa.psikotes.framework.runner.TestRunner" name="runScenario" time="8.783"/>
  <system-out/>
  <testcase classname="com.sqa.psikotes.framework.runner.TestRunner" name="runScenario" time="3.197"/>
  <system-out/>
  <testcase classname="com.sqa.psikotes.framework.runner.TestRunner" name="runScenario" time="3.226"/>
  <system-out/>
  <testcase classname="com.sqa.psikotes.framework.runner.TestRunner" name="runScenario" time="12.844"/>
  <system-out/>
  <testcase classname="com.sqa.psikotes.framework.runner.TestRunner" name="runScenario" time="17.212"/>
  <system-out/>
  <testcase classname="com.sqa.psikotes.framework.runner.TestRunner" name="runScenario" time="12.877"/>
  <system-out/>
  <testcase classname="com.sqa.psikotes.framework.runner.TestRunner" name="runScenario" time="8.951"/>
  <system-out/>
  <testcase classname="com.sqa.psikotes.framework.runner.TestRunner" name="runScenario" time="14.208"/>
  <system-out/>
  <testcase classname="com.sqa.psikotes.framework.runner.TestRunner" name="runScenario" time="8.700"/>
  <system-out/>
  <testcase classname="com.sqa.psikotes.framework.runner.TestRunner" name="runScenario" time="10.821"/>
  <system-out/>
  <testcase classname="com.sqa.psikotes.framework.runner.TestRunner" name="runScenario" time="35.224"/>
  <system-out/>
  <testcase classname="com.sqa.psikotes.framework.runner.TestRunner" name="runScenario" time="33.238"/>
  <system-out/>
  <testcase classname="com.sqa.psikotes.framework.runner.TestRunner" name="runScenario" time="3.224"/>
  <system-out/>
  <testcase classname="com.sqa.psikotes.framework.runner.TestRunner" name="runScenario" time="5.396"/>
  <system-out/>
  <testcase classname="com.sqa.psikotes.framework.runner.TestRunner" name="runScenario" time="10.746"/>
  <system-out/>
</testsuite> <!-- com.sqa.psikotes.framework.runner.TestRunner -->
