<?xml version="1.0" encoding="UTF-8"?>
<!-- Generated by org.testng.reporters.JUnitReportReporter -->
<testsuite hostname="DESKTOP-C56VD1H" failures="0" tests="128" name="com.sqa.psikotes.framework.runner.TestRunner" time="1282.579" errors="0" timestamp="2022-10-05T14:35:36 WIB" skipped="0">
  <testcase classname="com.sqa.psikotes.framework.runner.TestRunner" name="runScenario" time="8.928"/>
  <system-out/>
  <testcase classname="com.sqa.psikotes.framework.runner.TestRunner" name="runScenario" time="10.714"/>
  <system-out/>
  <testcase classname="com.sqa.psikotes.framework.runner.TestRunner" name="runScenario" time="10.925"/>
  <system-out/>
  <testcase classname="com.sqa.psikotes.framework.runner.TestRunner" name="runScenario" time="3.216"/>
  <system-out/>
  <testcase classname="com.sqa.psikotes.framework.runner.TestRunner" name="runScenario" time="12.866"/>
  <system-out/>
  <testcase classname="com.sqa.psikotes.framework.runner.TestRunner" name="runScenario" time="3.236"/>
  <system-out/>
  <testcase classname="com.sqa.psikotes.framework.runner.TestRunner" name="runScenario" time="3.229"/>
  <system-out/>
  <testcase classname="com.sqa.psikotes.framework.runner.TestRunner" name="runScenario" time="11.469"/>
  <system-out/>
  <testcase classname="com.sqa.psikotes.framework.runner.TestRunner" name="runScenario" time="30.490"/>
  <system-out/>
  <testcase classname="com.sqa.psikotes.framework.runner.TestRunner" name="runScenario" time="12.872"/>
  <system-out/>
  <testcase classname="com.sqa.psikotes.framework.runner.TestRunner" name="runScenario" time="5.390"/>
  <system-out/>
  <testcase classname="com.sqa.psikotes.framework.runner.TestRunner" name="runScenario" time="3.218"/>
  <system-out/>
  <testcase classname="com.sqa.psikotes.framework.runner.TestRunner" name="runScenario" time="19.253"/>
  <system-out/>
  <testcase classname="com.sqa.psikotes.framework.runner.TestRunner" name="runScenario" time="10.939"/>
  <system-out/>
  <testcase classname="com.sqa.psikotes.framework.runner.TestRunner" name="runScenario" time="19.148"/>
  <system-out/>
  <testcase classname="com.sqa.psikotes.framework.runner.TestRunner" name="runScenario" time="3.211"/>
  <system-out/>
  <testcase classname="com.sqa.psikotes.framework.runner.TestRunner" name="runScenario" time="3.217"/>
  <system-out/>
  <testcase classname="com.sqa.psikotes.framework.runner.TestRunner" name="runScenario" time="5.404"/>
  <system-out/>
  <testcase classname="com.sqa.psikotes.framework.runner.TestRunner" name="runScenario" time="3.202"/>
  <system-out/>
  <testcase classname="com.sqa.psikotes.framework.runner.TestRunner" name="runScenario" time="3.233"/>
  <system-out/>
  <testcase classname="com.sqa.psikotes.framework.runner.TestRunner" name="runScenario" time="8.764"/>
  <system-out/>
  <testcase classname="com.sqa.psikotes.framework.runner.TestRunner" name="runScenario" time="6.675"/>
  <system-out/>
  <testcase classname="com.sqa.psikotes.framework.runner.TestRunner" name="runScenario" time="8.798"/>
  <system-out/>
  <testcase classname="com.sqa.psikotes.framework.runner.TestRunner" name="runScenario" time="10.858"/>
  <system-out/>
  <testcase classname="com.sqa.psikotes.framework.runner.TestRunner" name="runScenario" time="21.645"/>
  <system-out/>
  <testcase classname="com.sqa.psikotes.framework.runner.TestRunner" name="runScenario" time="3.218"/>
  <system-out/>
  <testcase classname="com.sqa.psikotes.framework.runner.TestRunner" name="runScenario" time="8.654"/>
  <system-out/>
  <testcase classname="com.sqa.psikotes.framework.runner.TestRunner" name="runScenario" time="5.407"/>
  <system-out/>
  <testcase classname="com.sqa.psikotes.framework.runner.TestRunner" name="runScenario" time="10.862"/>
  <system-out/>
  <testcase classname="com.sqa.psikotes.framework.runner.TestRunner" name="runScenario" time="9.747"/>
  <system-out/>
  <testcase classname="com.sqa.psikotes.framework.runner.TestRunner" name="runScenario" time="12.841"/>
  <system-out/>
  <testcase classname="com.sqa.psikotes.framework.runner.TestRunner" name="runScenario" time="3.216"/>
  <system-out/>
  <testcase classname="com.sqa.psikotes.framework.runner.TestRunner" name="runScenario" time="3.223"/>
  <system-out/>
  <testcase classname="com.sqa.psikotes.framework.runner.TestRunner" name="runScenario" time="9.840"/>
  <system-out/>
  <testcase classname="com.sqa.psikotes.framework.runner.TestRunner" name="runScenario" time="3.227"/>
  <system-out/>
  <testcase classname="com.sqa.psikotes.framework.runner.TestRunner" name="runScenario" time="3.224"/>
  <system-out/>
  <testcase classname="com.sqa.psikotes.framework.runner.TestRunner" name="runScenario" time="3.220"/>
  <system-out/>
  <testcase classname="com.sqa.psikotes.framework.runner.TestRunner" name="runScenario" time="10.746"/>
  <system-out/>
  <testcase classname="com.sqa.psikotes.framework.runner.TestRunner" name="runScenario" time="14.906"/>
  <system-out/>
  <testcase classname="com.sqa.psikotes.framework.runner.TestRunner" name="runScenario" time="3.210"/>
  <system-out/>
  <testcase classname="com.sqa.psikotes.framework.runner.TestRunner" name="runScenario" time="5.376"/>
  <system-out/>
  <testcase classname="com.sqa.psikotes.framework.runner.TestRunner" name="runScenario" time="3.215"/>
  <system-out/>
  <testcase classname="com.sqa.psikotes.framework.runner.TestRunner" name="runScenario" time="3.210"/>
  <system-out/>
  <testcase classname="com.sqa.psikotes.framework.runner.TestRunner" name="runScenario" time="10.866"/>
  <system-out/>
  <testcase classname="com.sqa.psikotes.framework.runner.TestRunner" name="runScenario" time="12.469"/>
  <system-out/>
  <testcase classname="com.sqa.psikotes.framework.runner.TestRunner" name="runScenario" time="5.393"/>
  <system-out/>
  <testcase classname="com.sqa.psikotes.framework.runner.TestRunner" name="runScenario" time="3.215"/>
  <system-out/>
  <testcase classname="com.sqa.psikotes.framework.runner.TestRunner" name="runScenario" time="12.833"/>
  <system-out/>
  <testcase classname="com.sqa.psikotes.framework.runner.TestRunner" name="runScenario" time="3.221"/>
  <system-out/>
  <testcase classname="com.sqa.psikotes.framework.runner.TestRunner" name="runScenario" time="13.002"/>
  <system-out/>
  <testcase classname="com.sqa.psikotes.framework.runner.TestRunner" name="runScenario" time="14.908"/>
  <system-out/>
  <testcase classname="com.sqa.psikotes.framework.runner.TestRunner" name="runScenario" time="19.122"/>
  <system-out/>
  <testcase classname="com.sqa.psikotes.framework.runner.TestRunner" name="runScenario" time="14.967"/>
  <system-out/>
  <testcase classname="com.sqa.psikotes.framework.runner.TestRunner" name="runScenario" time="8.780"/>
  <system-out/>
  <testcase classname="com.sqa.psikotes.framework.runner.TestRunner" name="runScenario" time="5.383"/>
  <system-out/>
  <testcase classname="com.sqa.psikotes.framework.runner.TestRunner" name="runScenario" time="12.950"/>
  <system-out/>
  <testcase classname="com.sqa.psikotes.framework.runner.TestRunner" name="runScenario" time="3.220"/>
  <system-out/>
  <testcase classname="com.sqa.psikotes.framework.runner.TestRunner" name="runScenario" time="3.212"/>
  <system-out/>
  <testcase classname="com.sqa.psikotes.framework.runner.TestRunner" name="runScenario" time="5.392"/>
  <system-out/>
  <testcase classname="com.sqa.psikotes.framework.runner.TestRunner" name="runScenario" time="12.958"/>
  <system-out/>
  <testcase classname="com.sqa.psikotes.framework.runner.TestRunner" name="runScenario" time="3.205"/>
  <system-out/>
  <testcase classname="com.sqa.psikotes.framework.runner.TestRunner" name="runScenario" time="17.042"/>
  <system-out/>
  <testcase classname="com.sqa.psikotes.framework.runner.TestRunner" name="runScenario" time="14.935"/>
  <system-out/>
  <testcase classname="com.sqa.psikotes.framework.runner.TestRunner" name="runScenario" time="10.926"/>
  <system-out/>
  <testcase classname="com.sqa.psikotes.framework.runner.TestRunner" name="runScenario" time="12.825"/>
  <system-out/>
  <testcase classname="com.sqa.psikotes.framework.runner.TestRunner" name="runScenario" time="20.944"/>
  <system-out/>
  <testcase classname="com.sqa.psikotes.framework.runner.TestRunner" name="runScenario" time="35.235"/>
  <system-out/>
  <testcase classname="com.sqa.psikotes.framework.runner.TestRunner" name="runScenario" time="10.922"/>
  <system-out/>
  <testcase classname="com.sqa.psikotes.framework.runner.TestRunner" name="runScenario" time="8.849"/>
  <system-out/>
  <testcase classname="com.sqa.psikotes.framework.runner.TestRunner" name="runScenario" time="18.231"/>
  <system-out/>
  <testcase classname="com.sqa.psikotes.framework.runner.TestRunner" name="runScenario" time="3.228"/>
  <system-out/>
  <testcase classname="com.sqa.psikotes.framework.runner.TestRunner" name="runScenario" time="10.842"/>
  <system-out/>
  <testcase classname="com.sqa.psikotes.framework.runner.TestRunner" name="runScenario" time="35.089"/>
  <system-out/>
  <testcase classname="com.sqa.psikotes.framework.runner.TestRunner" name="runScenario" time="16.048"/>
  <system-out/>
  <testcase classname="com.sqa.psikotes.framework.runner.TestRunner" name="runScenario" time="10.877"/>
  <system-out/>
  <testcase classname="com.sqa.psikotes.framework.runner.TestRunner" name="runScenario" time="18.184"/>
  <system-out/>
  <testcase classname="com.sqa.psikotes.framework.runner.TestRunner" name="runScenario" time="11.155"/>
  <system-out/>
  <testcase classname="com.sqa.psikotes.framework.runner.TestRunner" name="runScenario" time="3.215"/>
  <system-out/>
  <testcase classname="com.sqa.psikotes.framework.runner.TestRunner" name="runScenario" time="10.926"/>
  <system-out/>
  <testcase classname="com.sqa.psikotes.framework.runner.TestRunner" name="runScenario" time="3.212"/>
  <system-out/>
  <testcase classname="com.sqa.psikotes.framework.runner.TestRunner" name="runScenario" time="17.191"/>
  <system-out/>
  <testcase classname="com.sqa.psikotes.framework.runner.TestRunner" name="runScenario" time="3.230"/>
  <system-out/>
  <testcase classname="com.sqa.psikotes.framework.runner.TestRunner" name="runScenario" time="10.890"/>
  <system-out/>
  <testcase classname="com.sqa.psikotes.framework.runner.TestRunner" name="runScenario" time="10.913"/>
  <system-out/>
  <testcase classname="com.sqa.psikotes.framework.runner.TestRunner" name="runScenario" time="8.769"/>
  <system-out/>
  <testcase classname="com.sqa.psikotes.framework.runner.TestRunner" name="runScenario" time="8.802"/>
  <system-out/>
  <testcase classname="com.sqa.psikotes.framework.runner.TestRunner" name="runScenario" time="10.873"/>
  <system-out/>
  <testcase classname="com.sqa.psikotes.framework.runner.TestRunner" name="runScenario" time="8.820"/>
  <system-out/>
  <testcase classname="com.sqa.psikotes.framework.runner.TestRunner" name="runScenario" time="3.209"/>
  <system-out/>
  <testcase classname="com.sqa.psikotes.framework.runner.TestRunner" name="runScenario" time="10.876"/>
  <system-out/>
  <testcase classname="com.sqa.psikotes.framework.runner.TestRunner" name="runScenario" time="8.933"/>
  <system-out/>
  <testcase classname="com.sqa.psikotes.framework.runner.TestRunner" name="runScenario" time="9.788"/>
  <system-out/>
  <testcase classname="com.sqa.psikotes.framework.runner.TestRunner" name="runScenario" time="3.211"/>
  <system-out/>
  <testcase classname="com.sqa.psikotes.framework.runner.TestRunner" name="runScenario" time="3.181"/>
  <system-out/>
  <testcase classname="com.sqa.psikotes.framework.runner.TestRunner" name="runScenario" time="29.642"/>
  <system-out/>
  <testcase classname="com.sqa.psikotes.framework.runner.TestRunner" name="runScenario" time="6.625"/>
  <system-out/>
  <testcase classname="com.sqa.psikotes.framework.runner.TestRunner" name="runScenario" time="17.125"/>
  <system-out/>
  <testcase classname="com.sqa.psikotes.framework.runner.TestRunner" name="runScenario" time="3.243"/>
  <system-out/>
  <testcase classname="com.sqa.psikotes.framework.runner.TestRunner" name="runScenario" time="10.814"/>
  <system-out/>
  <testcase classname="com.sqa.psikotes.framework.runner.TestRunner" name="runScenario" time="8.744"/>
  <system-out/>
  <testcase classname="com.sqa.psikotes.framework.runner.TestRunner" name="runScenario" time="18.216"/>
  <system-out/>
  <testcase classname="com.sqa.psikotes.framework.runner.TestRunner" name="runScenario" time="12.913"/>
  <system-out/>
  <testcase classname="com.sqa.psikotes.framework.runner.TestRunner" name="runScenario" time="12.951"/>
  <system-out/>
  <testcase classname="com.sqa.psikotes.framework.runner.TestRunner" name="runScenario" time="13.081"/>
  <system-out/>
  <testcase classname="com.sqa.psikotes.framework.runner.TestRunner" name="runScenario" time="3.213"/>
  <system-out/>
  <testcase classname="com.sqa.psikotes.framework.runner.TestRunner" name="runScenario" time="3.173"/>
  <system-out/>
  <testcase classname="com.sqa.psikotes.framework.runner.TestRunner" name="runScenario" time="16.043"/>
  <system-out/>
  <testcase classname="com.sqa.psikotes.framework.runner.TestRunner" name="runScenario" time="3.223"/>
  <system-out/>
  <testcase classname="com.sqa.psikotes.framework.runner.TestRunner" name="runScenario" time="19.765"/>
  <system-out/>
  <testcase classname="com.sqa.psikotes.framework.runner.TestRunner" name="runScenario" time="5.368"/>
  <system-out/>
  <testcase classname="com.sqa.psikotes.framework.runner.TestRunner" name="runScenario" time="3.227"/>
  <system-out/>
  <testcase classname="com.sqa.psikotes.framework.runner.TestRunner" name="runScenario" time="8.766"/>
  <system-out/>
  <testcase classname="com.sqa.psikotes.framework.runner.TestRunner" name="runScenario" time="8.739"/>
  <system-out/>
  <testcase classname="com.sqa.psikotes.framework.runner.TestRunner" name="runScenario" time="3.208"/>
  <system-out/>
  <testcase classname="com.sqa.psikotes.framework.runner.TestRunner" name="runScenario" time="10.878"/>
  <system-out/>
  <testcase classname="com.sqa.psikotes.framework.runner.TestRunner" name="runScenario" time="19.227"/>
  <system-out/>
  <testcase classname="com.sqa.psikotes.framework.runner.TestRunner" name="runScenario" time="3.224"/>
  <system-out/>
  <testcase classname="com.sqa.psikotes.framework.runner.TestRunner" name="runScenario" time="18.529"/>
  <system-out/>
  <testcase classname="com.sqa.psikotes.framework.runner.TestRunner" name="runScenario" time="10.828"/>
  <system-out/>
  <testcase classname="com.sqa.psikotes.framework.runner.TestRunner" name="runScenario" time="19.402"/>
  <system-out/>
  <testcase classname="com.sqa.psikotes.framework.runner.TestRunner" name="runScenario" time="3.214"/>
  <system-out/>
  <testcase classname="com.sqa.psikotes.framework.runner.TestRunner" name="runScenario" time="14.536"/>
  <system-out/>
  <testcase classname="com.sqa.psikotes.framework.runner.TestRunner" name="runScenario" time="11.027"/>
  <system-out/>
  <testcase classname="com.sqa.psikotes.framework.runner.TestRunner" name="runScenario" time="8.779"/>
  <system-out/>
  <testcase classname="com.sqa.psikotes.framework.runner.TestRunner" name="runScenario" time="3.226"/>
  <system-out/>
  <testcase classname="com.sqa.psikotes.framework.runner.TestRunner" name="runScenario" time="15.203"/>
  <system-out/>
  <testcase classname="com.sqa.psikotes.framework.runner.TestRunner" name="runScenario" time="12.916"/>
  <system-out/>
  <testcase classname="com.sqa.psikotes.framework.runner.TestRunner" name="runScenario" time="8.802"/>
  <system-out/>
</testsuite> <!-- com.sqa.psikotes.framework.runner.TestRunner -->
