<?xml version="1.0" encoding="UTF-8"?>
<!-- Generated by org.testng.reporters.JUnitReportReporter -->
<testsuite hostname="DESKTOP-C56VD1H" failures="0" tests="17" name="com.sqa.psikotes.framework.runner.TestRunner" time="191.109" errors="0" timestamp="2022-10-01T17:04:32 WIB" skipped="0">
  <testcase classname="com.sqa.psikotes.framework.runner.TestRunner" name="runScenario" time="13.312"/>
  <system-out/>
  <testcase classname="com.sqa.psikotes.framework.runner.TestRunner" name="runScenario" time="8.965"/>
  <system-out/>
  <testcase classname="com.sqa.psikotes.framework.runner.TestRunner" name="runScenario" time="11.104"/>
  <system-out/>
  <testcase classname="com.sqa.psikotes.framework.runner.TestRunner" name="runScenario" time="9.113"/>
  <system-out/>
  <testcase classname="com.sqa.psikotes.framework.runner.TestRunner" name="runScenario" time="13.234"/>
  <system-out/>
  <testcase classname="com.sqa.psikotes.framework.runner.TestRunner" name="runScenario" time="11.343"/>
  <system-out/>
  <testcase classname="com.sqa.psikotes.framework.runner.TestRunner" name="runScenario" time="13.247"/>
  <system-out/>
  <testcase classname="com.sqa.psikotes.framework.runner.TestRunner" name="runScenario" time="11.945"/>
  <system-out/>
  <testcase classname="com.sqa.psikotes.framework.runner.TestRunner" name="runScenario" time="11.205"/>
  <system-out/>
  <testcase classname="com.sqa.psikotes.framework.runner.TestRunner" name="runScenario" time="11.257"/>
  <system-out/>
  <testcase classname="com.sqa.psikotes.framework.runner.TestRunner" name="runScenario" time="11.248"/>
  <system-out/>
  <testcase classname="com.sqa.psikotes.framework.runner.TestRunner" name="runScenario" time="11.139"/>
  <system-out/>
  <testcase classname="com.sqa.psikotes.framework.runner.TestRunner" name="runScenario" time="9.259"/>
  <system-out/>
  <testcase classname="com.sqa.psikotes.framework.runner.TestRunner" name="runScenario" time="11.333"/>
  <system-out/>
  <testcase classname="com.sqa.psikotes.framework.runner.TestRunner" name="runScenario" time="11.149"/>
  <system-out/>
  <testcase classname="com.sqa.psikotes.framework.runner.TestRunner" name="runScenario" time="9.051"/>
  <system-out/>
  <testcase classname="com.sqa.psikotes.framework.runner.TestRunner" name="runScenario" time="13.205"/>
  <system-out/>
</testsuite> <!-- com.sqa.psikotes.framework.runner.TestRunner -->
